<?xml version="1.0" encoding="UTF-8"?>
<!-- Generated by org.testng.reporters.JUnitXMLReporter -->
<testsuite hostname="DESKTOP-562FEQU" name="Test" tests="4" failures="0" timestamp="16 Sep 2020 04:49:43 GMT" time="0.193" errors="0">
  <testcase name="BrowserTesting" time="0.047" classname="SeleniumAcademy.MavenJava.SeleniumTest"/>
  <testcase name="WebApplicationTest" time="0.004" classname="SeleniumAcademy.MavenJava.SeleniumTest"/>
  <testcase name="MObileTesting" time="0.003" classname="SeleniumAcademy.MavenJava.AppiumTest"/>
  <testcase name="MobileApplication" time="0.002" classname="SeleniumAcademy.MavenJava.AppiumTest"/>
</testsuite> <!-- Test -->
