<?xml version="1.0" encoding="UTF-8"?>
<!-- Generated by org.testng.reporters.JUnitXMLReporter -->
<testsuite hostname="DESKTOP-562FEQU" ignored="0" name="Command line test" tests="6" failures="0" timestamp="2020-09-16T10:14:29 IST" time="0.225" errors="0">
  <testcase name="ApplicationAutomation" time="0.025" classname="SeleniumAcademy.MavenJava.APITest"/>
  <testcase name="SoftwareTesting" time="0.008" classname="SeleniumAcademy.MavenJava.APITest"/>
  <testcase name="MObileTesting" time="0.001" classname="SeleniumAcademy.MavenJava.AppiumTest"/>
  <testcase name="MobileApplication" time="0.001" classname="SeleniumAcademy.MavenJava.AppiumTest"/>
  <testcase name="BrowserTesting" time="0.002" classname="SeleniumAcademy.MavenJava.SeleniumTest"/>
  <testcase name="WebApplicationTest" time="0.001" classname="SeleniumAcademy.MavenJava.SeleniumTest"/>
</testsuite> <!-- Command line test -->
