<?xml version="1.0" encoding="UTF-8"?>
<!-- Generated by org.testng.reporters.JUnitXMLReporter -->
<testsuite hostname="DESKTOP-562FEQU" name="Test" tests="4" failures="0" timestamp="15 Sep 2020 12:46:06 GMT" time="0.078" errors="0">
  <testcase name="BrowserTesting" time="0.0" classname="SeleniumAcademy.MavenJava.SeleniumTest"/>
  <testcase name="WebApplicationTest" time="0.0" classname="SeleniumAcademy.MavenJava.SeleniumTest"/>
  <testcase name="MObileTesting" time="0.0" classname="SeleniumAcademy.MavenJava.AppiumTest"/>
  <testcase name="MobileApplication" time="0.015" classname="SeleniumAcademy.MavenJava.AppiumTest"/>
</testsuite> <!-- Test -->
