<?xml version="1.0" encoding="UTF-8"?>
<testng-results skipped="0" failed="0" total="2" passed="2">
  <reporter-output>
  </reporter-output>
  <suite name="Default suite" duration-ms="63" started-at="2020-09-16T07:14:48Z" finished-at="2020-09-16T07:14:49Z">
    <groups>
    </groups>
    <test name="Default test" duration-ms="63" started-at="2020-09-16T07:14:48Z" finished-at="2020-09-16T07:14:49Z">
      <class name="SeleniumAcademy.MavenJava.SeleniumTest">
        <test-method status="PASS" signature="BrowserTesting()[pri:0, instance:SeleniumAcademy.MavenJava.SeleniumTest@2c6a3f77]" name="BrowserTesting" duration-ms="16" started-at="2020-09-16T12:44:49Z" finished-at="2020-09-16T12:44:49Z">
          <reporter-output>
          </reporter-output>
        </test-method> <!-- BrowserTesting -->
        <test-method status="PASS" signature="WebApplicationTest()[pri:0, instance:SeleniumAcademy.MavenJava.SeleniumTest@2c6a3f77]" name="WebApplicationTest" duration-ms="0" started-at="2020-09-16T12:44:49Z" finished-at="2020-09-16T12:44:49Z">
          <reporter-output>
          </reporter-output>
        </test-method> <!-- WebApplicationTest -->
      </class> <!-- SeleniumAcademy.MavenJava.SeleniumTest -->
    </test> <!-- Default test -->
  </suite> <!-- Default suite -->
</testng-results>
